<?xml version="1.0" encoding="UTF-8"?>
<!-- Generated by org.testng.reporters.JUnitXMLReporter -->
<testsuite ignored="0" hostname="DESKTOP-5EFFPEF" failures="0" tests="16" name="Test" time="0.23" errors="0" timestamp="2022-11-09T13:54:58 IST">
  <testcase classname="parallelTesting.class2" name="m1" time="0.029"/>
  <testcase classname="parallelTesting.class1" name="m1" time="0.027"/>
  <testcase classname="parallelTesting.class4" name="m1" time="0.031"/>
  <testcase classname="parallelTesting.class3" name="m1" time="0.03"/>
  <testcase classname="parallelTesting.class4" name="m2" time="0.003"/>
  <testcase classname="parallelTesting.class2" name="m2" time="0.015"/>
  <testcase classname="parallelTesting.class2" name="m3" time="0.001"/>
  <testcase classname="parallelTesting.class3" name="m2" time="0.013"/>
  <testcase classname="parallelTesting.class3" name="m3" time="0.005"/>
  <testcase classname="parallelTesting.class3" name="m4" time="0.004"/>
  <testcase classname="parallelTesting.class4" name="m3" time="0.002"/>
  <testcase classname="parallelTesting.class1" name="m2" time="0.042"/>
  <testcase classname="parallelTesting.class4" name="m4" time="0.003"/>
  <testcase classname="parallelTesting.class2" name="m4" time="0.04"/>
  <testcase classname="parallelTesting.class1" name="m3" time="0.003"/>
  <testcase classname="parallelTesting.class1" name="m4" time="0.004"/>
</testsuite> <!-- Test -->
