<?xml version="1.0" encoding="UTF-8"?>
<!-- Generated by org.testng.reporters.JUnitXMLReporter -->
<testsuite ignored="0" hostname="DESKTOP-5EFFPEF" failures="0" tests="8" name="Test1" time="0.158" errors="0" timestamp="2022-11-09T13:50:49 IST">
  <testcase classname="parallelTesting.class1" name="m1" time="0.028"/>
  <testcase classname="parallelTesting.class2" name="m1" time="0.025"/>
  <testcase classname="parallelTesting.class2" name="m2" time="0.007"/>
  <testcase classname="parallelTesting.class1" name="m2" time="0.006"/>
  <testcase classname="parallelTesting.class1" name="m3" time="0.003"/>
  <testcase classname="parallelTesting.class2" name="m3" time="0.002"/>
  <testcase classname="parallelTesting.class2" name="m4" time="0.003"/>
  <testcase classname="parallelTesting.class1" name="m4" time="0.014"/>
</testsuite> <!-- Test1 -->
